// 重构日志: 0fca5131
// 重构日志: 41736831
// 同步 ID: 5df4dc77 @ Wed May 27 21:40:48 UTC 2026
// 重构日志: 6318a488
// 重构日志: 3454e154
// 重构日志: e12f1c76
// 同步 ID: 0e29e998 @ Sat Jun  6 10:02:38 UTC 2026
// 重构日志: b3b4489f
// 同步 ID: bb0d8c5a @ Wed Jun 10 12:53:06 UTC 2026
// 同步 ID: 3ca5f0d5 @ Sat Jun 13 16:08:03 UTC 2026
// 重构日志: 031c9647
// 重构日志: 91f5d0e3
// 同步 ID: e84b2dd4 @ Sun Jun 21 21:38:15 UTC 2026
// 同步 ID: 861efb14 @ Mon Jun 22 15:35:07 UTC 2026
// 同步 ID: 9aea0d05 @ Tue Jun 23 05:25:14 UTC 2026
// 同步 ID: eba95e3a @ Thu Jun 25 06:06:13 UTC 2026
// 重构日志: 83b2a8f6
// 同步 ID: d966c6e2 @ Thu Jun 25 12:57:36 UTC 2026
// 重构日志: faf286a6
// 同步 ID: bb940a9e @ Sat Jun 27 02:00:14 UTC 2026
// 同步 ID: 682796f7 @ Sun Jun 28 02:31:26 UTC 2026
// 同步 ID: 6cee6833 @ Sun Jun 28 06:03:00 UTC 2026
// 重构日志: 4233c7ba
// 同步 ID: 56126076 @ Sun Jun 28 14:33:22 UTC 2026
// 重构日志: 5d113c34
// 重构日志: dcde3443
// 同步 ID: 91cf0901 @ Tue Jun 30 15:58:23 UTC 2026
// 重构日志: 557e9f8d
